current directory: /home/runner/work/R-demos/R-demos/.vendor/bundle/ruby/2.7.0/gems/commonmarker-0.23.8/ext/commonmarker
/opt/hostedtoolcache/Ruby/2.7.7/x64/bin/ruby -I /opt/hostedtoolcache/Ruby/2.7.7/x64/lib/ruby/2.7.0 -r ./siteconf20230308-10805-104pnoo.rb extconf.rb
creating Makefile

current directory: /home/runner/work/R-demos/R-demos/.vendor/bundle/ruby/2.7.0/gems/commonmarker-0.23.8/ext/commonmarker
make "DESTDIR=" clean
make[1]: Entering directory '/home/runner/work/R-demos/R-demos/.vendor/bundle/ruby/2.7.0/gems/commonmarker-0.23.8/ext/commonmarker'
Makefile:176: warning: overriding recipe for target 'clean'
@VjG8V:176: warning: ignoring old recipe for target 'clean'
Makefile:183: warning: overriding recipe for target 'distclean'
@VjG8V:183: warning: ignoring old recipe for target 'distclean'
Makefile:191: warning: overriding recipe for target 'install-so'
@VjG8V:191: warning: ignoring old recipe for target 'install-so'
Makefile:201: warning: overriding recipe for target 'pre-install-rb-default'
@VjG8V:201: warning: ignoring old recipe for target 'pre-install-rb-default'
Makefile:203: warning: overriding recipe for target '.sitearchdir.-.commonmarker.time'
@VjG8V:203: warning: ignoring old recipe for target '.sitearchdir.-.commonmarker.time'
Makefile:213: warning: overriding recipe for target '.cc.o'
@VjG8V:213: warning: ignoring old recipe for target '.cc.o'
Makefile:217: warning: overriding recipe for target '.cc.S'
@VjG8V:217: warning: ignoring old recipe for target '.cc.S'
Makefile:221: warning: overriding recipe for target '.mm.o'
@VjG8V:221: warning: ignoring old recipe for target '.mm.o'
Makefile:225: warning: overriding recipe for target '.mm.S'
@VjG8V:225: warning: ignoring old recipe for target '.mm.S'
Makefile:229: warning: overriding recipe for target '.cxx.o'
@VjG8V:229: warning: ignoring old recipe for target '.cxx.o'
Makefile:233: warning: overriding recipe for target '.cxx.S'
@VjG8V:233: warning: ignoring old recipe for target '.cxx.S'
Makefile:237: warning: overriding recipe for target '.cpp.o'
@VjG8V:237: warning: ignoring old recipe for target '.cpp.o'
Makefile:241: warning: overriding recipe for target '.cpp.S'
@VjG8V:241: warning: ignoring old recipe for target '.cpp.S'
Makefile:245: warning: overriding recipe for target '.c.o'
@VjG8V:245: warning: ignoring old recipe for target '.c.o'
Makefile:249: warning: overriding recipe for target '.c.S'
@VjG8V:249: warning: ignoring old recipe for target '.c.S'
Makefile:253: warning: overriding recipe for target '.m.o'
@VjG8V:253: warning: ignoring old recipe for target '.m.o'
Makefile:257: warning: overriding recipe for target '.m.S'
@VjG8V:257: warning: ignoring old recipe for target '.m.S'
Makefile:261: warning: overriding recipe for target 'commonmarker.so'
@VjG8V:261: warning: ignoring old recipe for target 'commonmarker.so'
make[1]: Leaving directory '/home/runner/work/R-demos/R-demos/.vendor/bundle/ruby/2.7.0/gems/commonmarker-0.23.8/ext/commonmarker'

current directory: /home/runner/work/R-demos/R-demos/.vendor/bundle/ruby/2.7.0/gems/commonmarker-0.23.8/ext/commonmarker
make "DESTDIR="
make[1]: Entering directory '/home/runner/work/R-demos/R-demos/.vendor/bundle/ruby/2.7.0/gems/commonmarker-0.23.8/ext/commonmarker'
Makefile:176: warning: overriding recipe for target 'clean'
@÷“a¿U:176: warning: ignoring old recipe for target 'clean'
Makefile:183: warning: overriding recipe for target 'distclean'
@÷“a¿U:183: warning: ignoring old recipe for target 'distclean'
Makefile:191: warning: overriding recipe for target 'install-so'
@÷“a¿U:191: warning: ignoring old recipe for target 'install-so'
Makefile:201: warning: overriding recipe for target 'pre-install-rb-default'
@÷“a¿U:201: warning: ignoring old recipe for target 'pre-install-rb-default'
Makefile:203: warning: overriding recipe for target '.sitearchdir.-.commonmarker.time'
@÷“a¿U:203: warning: ignoring old recipe for target '.sitearchdir.-.commonmarker.time'
Makefile:213: warning: overriding recipe for target '.cc.o'
@÷“a¿U:213: warning: ignoring old recipe for target '.cc.o'
Makefile:217: warning: overriding recipe for target '.cc.S'
@÷“a¿U:217: warning: ignoring old recipe for target '.cc.S'
Makefile:221: warning: overriding recipe for target '.mm.o'
@÷“a¿U:221: warning: ignoring old recipe for target '.mm.o'
Makefile:225: warning: overriding recipe for target '.mm.S'
@÷“a¿U:225: warning: ignoring old recipe for target '.mm.S'
Makefile:229: warning: overriding recipe for target '.cxx.o'
@÷“a¿U:229: warning: ignoring old recipe for target '.cxx.o'
Makefile:233: warning: overriding recipe for target '.cxx.S'
@÷“a¿U:233: warning: ignoring old recipe for target '.cxx.S'
Makefile:237: warning: overriding recipe for target '.cpp.o'
@÷“a¿U:237: warning: ignoring old recipe for target '.cpp.o'
Makefile:241: warning: overriding recipe for target '.cpp.S'
@÷“a¿U:241: warning: ignoring old recipe for target '.cpp.S'
Makefile:245: warning: overriding recipe for target '.c.o'
@÷“a¿U:245: warning: ignoring old recipe for target '.c.o'
Makefile:249: warning: overriding recipe for target '.c.S'
@÷“a¿U:249: warning: ignoring old recipe for target '.c.S'
Makefile:253: warning: overriding recipe for target '.m.o'
@÷“a¿U:253: warning: ignoring old recipe for target '.m.o'
Makefile:257: warning: overriding recipe for target '.m.S'
@÷“a¿U:257: warning: ignoring old recipe for target '.m.S'
Makefile:261: warning: overriding recipe for target 'commonmarker.so'
@÷“a¿U:261: warning: ignoring old recipe for target 'commonmarker.so'
compiling arena.c
compiling autolink.c
compiling blocks.c
compiling buffer.c
compiling cmark.c
compiling cmark_ctype.c
compiling commonmark.c
compiling commonmarker.c
In file included from houdini.h:9,
                 from commonmarker.c:3:
config.h:8: warning: "HAVE_STDBOOL_H" redefined
    8 | #define HAVE_STDBOOL_H
      | 
In file included from /opt/hostedtoolcache/Ruby/2.7.7/x64/include/ruby-2.7.0/ruby/ruby.h:24,
                 from /opt/hostedtoolcache/Ruby/2.7.7/x64/include/ruby-2.7.0/ruby.h:33,
                 from commonmarker.h:9,
                 from commonmarker.c:1:
/opt/hostedtoolcache/Ruby/2.7.7/x64/include/ruby-2.7.0/x86_64-linux/ruby/config.h:38: note: this is the location of the previous definition
   38 | #define HAVE_STDBOOL_H 1
      | 
compiling core-extensions.c
compiling ext_scanners.c
compiling footnotes.c
compiling houdini_href_e.c
compiling houdini_html_e.c
compiling houdini_html_u.c
compiling html.c
compiling inlines.c
compiling iterator.c
compiling latex.c
compiling linked_list.c
compiling man.c
compiling map.c
compiling node.c
compiling plaintext.c
compiling plugin.c
compiling references.c
compiling registry.c
compiling render.c
compiling scanners.c
compiling strikethrough.c
compiling syntax_extension.c
compiling table.c
compiling tagfilter.c
compiling tasklist.c
compiling utf8.c
compiling xml.c
linking shared-object commonmarker/commonmarker.so
make[1]: Leaving directory '/home/runner/work/R-demos/R-demos/.vendor/bundle/ruby/2.7.0/gems/commonmarker-0.23.8/ext/commonmarker'

current directory: /home/runner/work/R-demos/R-demos/.vendor/bundle/ruby/2.7.0/gems/commonmarker-0.23.8/ext/commonmarker
make "DESTDIR=" install
make[1]: Entering directory '/home/runner/work/R-demos/R-demos/.vendor/bundle/ruby/2.7.0/gems/commonmarker-0.23.8/ext/commonmarker'
Makefile:176: warning: overriding recipe for target 'clean'
@6]9»U:176: warning: ignoring old recipe for target 'clean'
Makefile:183: warning: overriding recipe for target 'distclean'
@6]9»U:183: warning: ignoring old recipe for target 'distclean'
Makefile:191: warning: overriding recipe for target 'install-so'
@6]9»U:191: warning: ignoring old recipe for target 'install-so'
Makefile:201: warning: overriding recipe for target 'pre-install-rb-default'
@6]9»U:201: warning: ignoring old recipe for target 'pre-install-rb-default'
Makefile:203: warning: overriding recipe for target '.sitearchdir.-.commonmarker.time'
@6]9»U:203: warning: ignoring old recipe for target '.sitearchdir.-.commonmarker.time'
Makefile:213: warning: overriding recipe for target '.cc.o'
@6]9»U:213: warning: ignoring old recipe for target '.cc.o'
Makefile:217: warning: overriding recipe for target '.cc.S'
@6]9»U:217: warning: ignoring old recipe for target '.cc.S'
Makefile:221: warning: overriding recipe for target '.mm.o'
@6]9»U:221: warning: ignoring old recipe for target '.mm.o'
Makefile:225: warning: overriding recipe for target '.mm.S'
@6]9»U:225: warning: ignoring old recipe for target '.mm.S'
Makefile:229: warning: overriding recipe for target '.cxx.o'
@6]9»U:229: warning: ignoring old recipe for target '.cxx.o'
Makefile:233: warning: overriding recipe for target '.cxx.S'
@6]9»U:233: warning: ignoring old recipe for target '.cxx.S'
Makefile:237: warning: overriding recipe for target '.cpp.o'
@6]9»U:237: warning: ignoring old recipe for target '.cpp.o'
Makefile:241: warning: overriding recipe for target '.cpp.S'
@6]9»U:241: warning: ignoring old recipe for target '.cpp.S'
Makefile:245: warning: overriding recipe for target '.c.o'
@6]9»U:245: warning: ignoring old recipe for target '.c.o'
Makefile:249: warning: overriding recipe for target '.c.S'
@6]9»U:249: warning: ignoring old recipe for target '.c.S'
Makefile:253: warning: overriding recipe for target '.m.o'
@6]9»U:253: warning: ignoring old recipe for target '.m.o'
Makefile:257: warning: overriding recipe for target '.m.S'
@6]9»U:257: warning: ignoring old recipe for target '.m.S'
Makefile:261: warning: overriding recipe for target 'commonmarker.so'
@6]9»U:261: warning: ignoring old recipe for target 'commonmarker.so'
/usr/bin/install -c -m 0755 commonmarker.so ./.gem.20230308-10805-15cerze/commonmarker
make[1]: Leaving directory '/home/runner/work/R-demos/R-demos/.vendor/bundle/ruby/2.7.0/gems/commonmarker-0.23.8/ext/commonmarker'
